<?xml version="1.0" encoding="UTF-8"?>
<!-- Generated by org.testng.reporters.JUnitReportReporter -->
<testsuite hostname="DESKTOP-QNHJ5Q7" name="logExample.NOPCommLogin" tests="3" failures="0" timestamp="27 Oct 2022 05:23:13 GMT" time="4.539" errors="0">
  <testcase name="Logout" time="1.166" classname="logExample.NOPCommLogin"/>
  <testcase name="verifyAppTitle" time="0.011" classname="logExample.NOPCommLogin"/>
  <testcase name="verifyLogin" time="3.362" classname="logExample.NOPCommLogin"/>
</testsuite> <!-- logExample.NOPCommLogin -->
