<?xml version="1.0" encoding="UTF-8"?>
<!-- Generated by org.testng.reporters.JUnitReportReporter -->
<testsuite hostname="DESKTOP-QNHJ5Q7" name="actionExample.RightClickTest" tests="2" failures="0" timestamp="27 Oct 2022 04:06:21 GMT" time="9.386" errors="0">
  <testcase name="verifyDoubleClickFeature" time="4.537" classname="actionExample.RightClickTest"/>
  <testcase name="verifyDeleteFeature" time="4.849" classname="actionExample.RightClickTest"/>
</testsuite> <!-- actionExample.RightClickTest -->
