<?xml version="1.0" encoding="UTF-8"?>
<!-- Generated by org.testng.reporters.JUnitReportReporter -->
<testsuite hostname="DESKTOP-QNHJ5Q7" name="xpathAxises.Amazon_xpath_example1" tests="1" failures="0" timestamp="28 Oct 2022 08:37:48 GMT" time="16.032" errors="0">
  <testcase name="verifySeeMoreTest" time="16.032" classname="xpathAxises.Amazon_xpath_example1"/>
</testsuite> <!-- xpathAxises.Amazon_xpath_example1 -->
