<?xml version="1.0" encoding="UTF-8"?>
<!-- Generated by org.testng.reporters.JUnitReportReporter -->
<testsuite hostname="DESKTOP-QNHJ5Q7" name="testNGExample.HRMLoginTest_Priority" tests="4" failures="0" timestamp="21 Oct 2022 04:49:40 GMT" time="0.016" errors="0">
  <testcase name="verifyLogout" time="0.000" classname="testNGExample.HRMLoginTest_Priority"/>
  <testcase name="verifyLogin" time="0.016" classname="testNGExample.HRMLoginTest_Priority"/>
  <testcase name="verifyAddItems" time="0.000" classname="testNGExample.HRMLoginTest_Priority"/>
  <testcase name="verifyPayment" time="0.000" classname="testNGExample.HRMLoginTest_Priority"/>
</testsuite> <!-- testNGExample.HRMLoginTest_Priority -->
