<?xml version="1.0" encoding="UTF-8"?>
<!-- Generated by org.testng.reporters.JUnitReportReporter -->
<testsuite hostname="DESKTOP-QNHJ5Q7" name="xpathAxises.Hyrtutorials_xpath_example2" tests="1" failures="0" timestamp="28 Oct 2022 08:34:26 GMT" time="4.119" errors="0">
  <testcase name="verifySeeMoreTest" time="4.119" classname="xpathAxises.Hyrtutorials_xpath_example2"/>
</testsuite> <!-- xpathAxises.Hyrtutorials_xpath_example2 -->
